Tue Apr 21 10:19:42 UTC 2026
Tue Apr 21 15:19:43 UTC 2026
Wed Apr 22 10:20:46 UTC 2026
Thu Apr 23 10:22:27 UTC 2026
Fri Apr 24 10:24:33 UTC 2026
Sat Apr 25 09:55:24 UTC 2026
Sun Apr 26 09:55:39 UTC 2026
Mon Apr 27 11:07:07 UTC 2026
Tue Apr 28 11:06:55 UTC 2026
Wed Apr 29 10:58:40 UTC 2026
Thu Apr 30 10:57:41 UTC 2026
Fri May  1 10:24:35 UTC 2026
Sat May  2 09:59:58 UTC 2026
Sun May  3 10:07:43 UTC 2026
Mon May  4 11:07:10 UTC 2026
Tue May  5 10:48:53 UTC 2026
Wed May  6 11:09:00 UTC 2026
Thu May  7 11:11:26 UTC 2026
Fri May  8 10:25:54 UTC 2026
Sat May  9 10:07:57 UTC 2026
Sun May 10 10:17:29 UTC 2026
Mon May 11 12:12:52 UTC 2026
Tue May 12 11:22:50 UTC 2026
Wed May 13 11:32:00 UTC 2026
Thu May 14 11:15:21 UTC 2026
Fri May 15 11:22:54 UTC 2026
Sat May 16 10:18:29 UTC 2026
Sun May 17 10:23:54 UTC 2026
